2025-04-07 14:31:02,707 - multicam_app - INFO - Using captures directory: /home/imager/multicam_view/captures
2025-04-07 14:31:02,708 - multicam_app - INFO - Captures directory exists: /home/imager/multicam_view/captures
2025-04-07 14:31:02,708 - camera_manager - INFO - Initialized I2C bus 11
[3:20:10.631593299] [3457] [1;32m INFO [1;37mCamera [1;34mcamera_manager.cpp:327 [0mlibcamera v0.4.0+78-818d45eb-dirty (2025-02-14T02:03:07GMT)
[3:20:10.638998634] [3466] [1;32m INFO [1;37mRPI [1;34mpisp.cpp:720 [0mlibpisp version v1.1.0 e7974a156008 27-01-2025 (21:50:51)
[3:20:10.639516947] [3466] [1;31mERROR [1;37mV4L2 [1;34mv4l2_device.cpp:390 [0;32m'imx519 11-001a': [0mUnable to set controls: Device or resource busy
[3:20:10.647123410] [3466] [1;32m INFO [1;37mRPI [1;34mpisp.cpp:1180 [0mRegistered camera /base/axi/pcie@1000120000/rp1/i2c@80000/imx519@1a to CFE device /dev/media2 and ISP device /dev/media0 using PiSP variant BCM2712_D0
2025-04-07 14:31:02,724 - picamera2.picamera2 - INFO - Initialization successful.
[3:20:10.648057462] [3457] [1;32m INFO [1;37mCamera [1;34mcamera.cpp:1008 [0mPipeline handler in use by another process
2025-04-07 14:31:02,725 - picamera2.picamera2 - ERROR - Camera __init__ sequence did not complete.
2025-04-07 14:31:02,725 - camera_manager - ERROR - Failed to initialize camera: Camera __init__ sequence did not complete.
2025-04-07 14:31:02,725 - multicam_app - ERROR - Failed to initialize camera manager: Camera __init__ sequence did not complete.
2025-04-07 14:31:02,728 - multicam_runner - INFO - Starting multicam view application
2025-04-07 14:31:02,729 - multicam_runner - INFO - Captures directory: /home/imager/multicam_view/captures
2025-04-07 14:31:02,729 - multicam_runner - INFO - Contents: []
2025-04-07 14:31:02,729 - multicam_runner - INFO - Starting web server on 0.0.0.0:8000
 * Serving Flask app 'cam'
 * Debug mode: off
Address already in use
Port 8000 is in use by another program. Either identify and stop that program, or start the server with a different port.
